--- inicializa log file ---
12_02_28_10:05:36 Operacion de entrada TI
12_02_28_10:05:36 TI para 101176
12_02_28_10:05:36 1330423459|0||AEMN880925AZ8|S|TI|00|92|0|87| |0| |||0|?? | |\000|0|0|0|
12_02_28_10:06:00 Operacion de entrada TI
12_02_28_10:06:00 TI para 148309
12_02_28_10:06:00 1330416515|0||vato920309hdf|S|TI|00|92|0|83| |0| |||0|?? | |\000|0|0|0|
12_02_28_10:06:29 Operacion de entrada TI
12_02_28_10:06:29 TI para 155837
12_02_28_10:06:29 1330416476|0||HEFJ910216DT6|S|TI|00|92|0|82| |0| |||0|?? | |\000|0|0|0|
12_02_28_10:06:51 Operacion de entrada TI
12_02_28_10:06:51 TI para 157284
12_02_28_10:06:52 1330417996|0||ROGO910814I31|S|TI|00|92|0|87| |0| |||0|?? | |\000|0|0|0|
12_02_28_10:06:54 Operacion de entrada TI
12_02_28_10:06:54 TI para 156999
12_02_28_10:06:54 1330416451|0||PELR930616HDF|S|TI|00|92|0|80| |0| |||0|?? | |\000|0|0|0|
12_02_28_10:07:09 Operacion de entrada TI
12_02_28_10:07:09 TI para 105959
12_02_28_10:07:09 1330416487|0||GAAE880312T36|S|TI|00|90|0|20| |0| |||0|?? | |\000|0|0|0|
12_02_28_10:10:06 Operacion de entrada TI
12_02_28_10:10:06 TI para 148163
12_02_28_10:10:06 1330416994|0||JIMM9202312MD|S|TI|00|92|0|80| |0| |||0|?? | |\000|0|0|0|
12_02_28_10:10:10 Operacion de entrada TI
12_02_28_10:10:10 TI para 256284
12_02_28_10:10:10 1330416437|0||lolllllllllll|S|TI|00|92|0|80| |0| |||0|?? | |\000|0|0|0|
12_02_28_10:10:19 Operacion de entrada TI
12_02_28_10:10:19 TI para 145483
12_02_28_10:10:19 1330416525|0||MOMR910918RW3|S|TI|00|92|0|87| |0| |||0|?? | |\000|0|0|0|
12_02_28_10:10:48 Operacion de entrada TI
12_02_28_10:10:48 TI para 153816
12_02_28_10:10:48 1330423694|0||OOFY911010E20|S|TI|00|92|0|87| |0| |||0|?? | |\000|0|0|0|
12_02_28_10:26:49 Operacion de entrada TI
12_02_28_10:26:49 TI para 157206
12_02_28_10:26:49 1330424731|0||GAAJ870907UF7|S|TI|00|92|0|57| |0| |||0|?? | |\000|0|0|0|
12_02_28_12:05:20 Operacion de salido TO
12_02_28_12:05:20 TO para 145483
12_02_28_12:05:20 1330430597|0||MOMR910918RW3|S|TO|00|92|0|87| |0| |||0|?? | |\000|0|0|0|
12_02_28_12:11:25 Operacion de entrada TI
12_02_28_12:11:25 TI para 263448
12_02_28_12:11:25 1330431081|0||MACL860413000|S|TI|00|92|0|80| |0| |||0|?? | |\000|0|0|0|
12_02_28_12:12:21 Operacion de entrada TI
12_02_28_12:12:21 TI para 157824
12_02_28_12:12:21 1330431022|0||vagi910906hdf|S|TI|00|92|0|87| |0| |||0|?? | |\000|0|0|0|
12_02_28_12:16:26 Operacion de salido TO
12_02_28_12:16:26 TO para 155837
12_02_28_12:16:27 1330431237|0||HEFJ910216DT6|S|TO|00|92|0|82| |0| |||0|?? | |\000|0|0|0|
12_02_28_12:25:07 Operacion de salido TO
12_02_28_12:25:07 TO para 148163
12_02_28_12:25:07 1330431772|0||JIMM9202312MD|S|TO|00|92|0|80| |0| |||0|?? | |\000|0|0|0|
12_02_28_12:32:12 Operacion de entrada TI
12_02_28_12:32:12 TI para 158386
12_02_28_12:32:12 1330432067|0||EOGA8811133D9|S|TI|00|92|0|87| |0| |||0|?? | |\000|0|0|0|
12_02_28_12:47:15 Operacion de entrada TI
12_02_28_12:47:15 TI para 158538
12_02_28_12:47:15 1330433074|0||0000011111111|S|TI|00|92|0|87| |0| |||0|?? | |\000|0|0|0|
12_02_28_12:57:03 Operacion de entrada TI
12_02_28_12:57:03 TI para 157819
12_02_28_12:57:03 1330433754|0||OIVA900430QW5|S|TI|00|92|0|87| |0| |||0|?? | |\000|0|0|0|
12_02_28_13:10:28 Operacion de entrada TI
12_02_28_13:10:28 TI para 136591
12_02_28_13:10:28 1330434620|0||RABA890829UV0|S|TI|00|92|0|87| |0| |||0|?? | |\000|0|0|0|
12_02_28_14:06:17 Operacion de entrada TI
12_02_28_14:06:17 TI para 152886
12_02_28_14:06:17 1330437898|0||AAAH890822MD4|S|TI|00|92|0|57| |0| |||0|?? | |\000|0|0|0|
12_02_28_14:20:30 Operacion de entrada TI
12_02_28_14:20:30 TI para 150484
12_02_28_14:20:31 1330438845|0||GALH901007H65|S|TI|00|92|0|57| |0| |||0|?? | |\000|0|0|0|
12_02_28_14:57:01 Operacion de entrada TI
12_02_28_14:57:01 TI para 157833
12_02_28_14:57:01 1330440822|0||vamj900821hdz|S|TI|00|92|0|57| |0| |||0|?? | |\000|0|0|0|
12_02_28_15:01:34 Operacion de entrada TI
12_02_28_15:01:34 TI para 155877
12_02_28_15:01:34 1330441136|0||ajakleieopskl|S|TI|00|92|0|87| |0| |||0|?? | |\000|0|0|0|
12_02_28_15:10:54 Operacion de entrada TI
12_02_28_15:10:54 TI para 155049
12_02_28_15:10:54 1330441717|0||ROMA910803H47|S|TI|00|92|0|87| |0| |||0|?? | |\000|0|0|0|
12_02_28_15:15:41 Operacion de entrada TI
12_02_28_15:15:41 TI para 153739
12_02_28_15:15:41 1330442089|0||JIVC921015453|S|TI|00|92|0|87| |0| |||0|?? | |\000|0|0|0|
12_02_28_15:15:59 Operacion de salido TO
12_02_28_15:15:59 TO para 148309
12_02_28_15:15:59 1330442156|0||vato920309hdf|S|TO|00|92|0|83| |0| |||0|?? | |\000|0|0|0|
12_02_28_15:57:01 Operacion de entrada TI
12_02_28_15:57:01 TI para 158187
12_02_28_15:57:01 1330444541|0||0000000000000|S|TI|00|92|0|87| |0| |||0|?? | |\000|0|0|0|
12_02_28_16:06:55 Operacion de salido TO
12_02_28_16:06:55 TO para 157284
12_02_28_16:06:55 1330444982|0||ROGO910814I31|S|TO|00|92|0|87| |0| |||0|?? | |\000|0|0|0|
12_02_28_16:10:35 Operacion de entrada TI
12_02_28_16:10:35 TI para 149397
12_02_28_16:10:35 1330445365|0||BEVF920710884|S|TI|00|92|0|87| |0| |||0|?? | |\000|0|0|0|
12_02_28_16:12:18 Operacion de entrada TI
12_02_28_16:12:18 TI para 158384
12_02_28_16:12:18 1330445231|0||0000111122222|S|TI|00|92|0|87| |0| |||0|?? | |\000|0|0|0|
12_02_28_16:20:13 Operacion de salido TO
12_02_28_16:20:13 TO para 256284
12_02_28_16:20:13 1330445790|0||lolllllllllll|S|TO|00|92|0|80| |0| |||0|?? | |\000|0|0|0|
12_02_28_16:21:09 Operacion de entrada TI
12_02_28_16:21:09 TI para 269700
12_02_28_16:21:09 1330445963|0||FECN840420383|S|TI|00|92|0|80| |0| |||0|?? | |\000|0|0|0|
12_02_28_16:22:21 Operacion de entrada TI
12_02_28_16:22:21 TI para 156714
12_02_28_16:22:21 1330445778|0||FAMK910313000|S|TI|00|92|0|82| |0| |||0|?? | |\000|0|0|0|
12_02_28_16:26:05 Operacion de entrada TI
12_02_28_16:26:05 TI para 152521
12_02_28_16:26:05 1330446305|0||VESM911208Q17|S|TI|00|92|0|87| |0| |||0|?? | |\000|0|0|0|
12_02_28_16:31:53 Operacion de salido TO
12_02_28_16:31:53 TO para 156999
12_02_28_16:31:53 1330446555|0||PELR930616HDF|S|TO|00|92|0|80| |0| |||0|?? | |\000|0|0|0|
12_02_28_16:37:13 Operacion de salido TO
12_02_28_16:37:13 TO para 158386
12_02_28_16:37:13 1330447048|0||EOGA8811133D9|S|TO|00|92|0|87| |0| |||0|?? | |\000|0|0|0|
12_02_28_16:41:28 Operacion de entrada TI
12_02_28_16:41:28 TI para 109706
12_02_28_16:41:28 1330447128|0||QUBA860824PV7|S|TI|00|92|0|57| |0| |||0|?? | |\000|0|0|0|
12_02_28_17:01:59 Operacion de salido TO
12_02_28_17:01:59 TO para 157824
12_02_28_17:01:59 1330448413|0||vagi910906hdf|S|TO|00|92|0|87| |0| |||0|?? | |\000|0|0|0|
12_02_28_17:05:50 Operacion de salido TO
12_02_28_17:05:50 TO para 153816
12_02_28_17:05:50 1330448718|0||OOFY911010E20|S|TO|00|92|0|87| |0| |||0|?? | |\000|0|0|0|
12_02_28_17:46:03 Operacion de salido TO
12_02_28_17:46:03 TO para 263448
12_02_28_17:46:03 1330450973|0||MACL860413000|S|TO|00|92|0|80| |0| |||0|?? | |\000|0|0|0|
12_02_28_19:16:50 Operacion de salido TO
12_02_28_19:16:50 TO para 157206
12_02_28_19:16:50 1330456392|0||GAAJ870907UF7|S|TO|00|92|0|57| |0| |||0|?? | |\000|0|0|0|
12_02_28_20:50:28 Operacion de salido TO
12_02_28_20:50:28 TO para 136591
12_02_28_20:50:28 1330462161|0||RABA890829UV0|S|TO|00|92|0|87| |0| |||0|?? | |\000|0|0|0|
12_02_28_21:02:03 Operacion de salido TO
12_02_28_21:02:03 TO para 157819
12_02_28_21:02:03 1330462863|0||OIVA900430QW5|S|TO|00|92|0|87| |0| |||0|?? | |\000|0|0|0|
12_02_28_21:12:18 Operacion de salido TO
12_02_28_21:12:18 TO para 158384
12_02_28_21:12:18 1330463484|0||0000111122222|S|TO|00|92|0|87| |0| |||0|?? | |\000|0|0|0|
12_02_28_22:01:17 Operacion de salido TO
12_02_28_22:01:17 TO para 152886
12_02_28_22:01:17 1330466436|0||AAAH890822MD4|S|TO|00|92|0|57| |0| |||0|?? | |\000|0|0|0|
12_02_28_22:02:02 Operacion de salido TO
12_02_28_22:02:02 TO para 157833
12_02_28_22:02:02 1330466383|0||vamj900821hdz|S|TO|00|92|0|57| |0| |||0|?? | |\000|0|0|0|
12_02_28_22:10:35 Operacion de salido TO
12_02_28_22:10:35 TO para 149397
12_02_28_22:10:35 1330467006|0||BEVF920710884|S|TO|00|92|0|87| |0| |||0|?? | |\000|0|0|0|
12_02_28_22:16:29 Operacion de salido TO
12_02_28_22:16:29 TO para 109706
12_02_28_22:16:29 1330467168|0||QUBA860824PV7|S|TO|00|92|0|57| |0| |||0|?? | |\000|0|0|0|
12_02_28_22:20:54 Operacion de salido TO
12_02_28_22:20:54 TO para 155049
12_02_28_22:20:54 1330467424|0||ROMA910803H47|S|TO|00|92|0|87| |0| |||0|?? | |\000|0|0|0|
12_02_28_22:21:34 Operacion de salido TO
12_02_28_22:21:34 TO para 155877
12_02_28_22:21:34 1330467474|0||ajakleieopskl|S|TO|00|92|0|87| |0| |||0|?? | |\000|0|0|0|
12_02_28_22:26:56 Operacion de salido TO
12_02_28_22:26:56 TO para 158187
12_02_28_22:26:56 1330467799|0||0000000000000|S|TO|00|92|0|87| |0| |||0|?? | |\000|0|0|0|
12_02_28_22:31:05 Operacion de salido TO
12_02_28_22:31:05 TO para 152521
12_02_28_22:31:05 1330468298|0||VESM911208Q17|S|TO|00|92|0|87| |0| |||0|?? | |\000|0|0|0|
12_02_28_22:31:07 Operacion de salido TO
12_02_28_22:31:07 TO para 269700
12_02_28_22:31:07 1330468305|0||FECN840420383|S|TO|00|92|0|80| |0| |||0|?? | |\000|0|0|0|
12_02_28_22:42:19 Operacion de salido TO
12_02_28_22:42:19 TO para 156714
12_02_28_22:42:19 1330468711|0||FAMK910313000|S|TO|00|92|0|82| |0| |||0|?? | |\000|0|0|0|
12_02_28_22:55:41 Operacion de salido TO
12_02_28_22:55:41 TO para 153739
12_02_28_22:55:41 1330469658|0||JIVC921015453|S|TO|00|92|0|87| |0| |||0|?? | |\000|0|0|0|
12_02_29_09:35:06 Operacion de entrada TI
12_02_29_09:35:06 TI para 148163
12_02_29_09:35:07 1330503713|0||JIMM9202312MD|S|TI|00|92|0|80| |0| |||0|?? | |\000|0|0|0|
12_02_29_09:35:13 Operacion de entrada TI
12_02_29_09:35:13 TI para 134828
12_02_29_09:35:13 1330503831|0||MAMA870725HMC|S|TI|00|92|0|87| |0| |||0|?? | |\000|0|0|0|
12_02_29_09:35:20 Operacion de entrada TI
12_02_29_09:35:20 TI para 145483
12_02_29_09:35:20 1330503244|0||MOMR910918RW3|S|TI|00|92|0|87| |0| |||0|?? | |\000|0|0|0|
12_02_29_09:35:27 Operacion de entrada TI
12_02_29_09:35:27 TI para 136591
12_02_29_09:35:27 1330504868|0||RABA890829UV0|S|TI|00|92|0|87| |0| |||0|?? | |\000|0|0|0|
12_02_29_09:35:54 Operacion de entrada TI
12_02_29_09:35:54 TI para 155049
12_02_29_09:35:54 1330503585|0||ROMA910803H47|S|TI|00|92|0|87| |0| |||0|?? | |\000|0|0|0|
12_02_29_09:35:57 Operacion de entrada TI
12_02_29_09:35:57 TI para 154842
12_02_29_09:35:57 1330503707|0||GOMJ9112259A8|S|TI|00|92|0|87| |0| |||0|?? | |\000|0|0|0|
12_02_29_09:35:59 Operacion de entrada TI
12_02_29_09:35:59 TI para 148309
12_02_29_09:35:59 1330503670|0||vato920309hdf|S|TI|00|92|0|83| |0| |||0|?? | |\000|0|0|0|
12_02_29_09:36:01 Operacion de entrada TI
12_02_29_09:36:01 TI para 269982
12_02_29_09:36:01 1330504257|0||FUMA8312135V2|S|TI|00|92|0|80| |0| |||0|?? | |\000|0|0|0|
12_02_29_09:36:28 Operacion de entrada TI
12_02_29_09:36:28 TI para 155837
12_02_29_09:36:28 1330503254|0||HEFJ910216DT6|S|TI|00|92|0|82| |0| |||0|?? | |\000|0|0|0|
12_02_29_09:36:53 Operacion de entrada TI
12_02_29_09:36:53 TI para 156999
12_02_29_09:36:53 1330503196|0||PELR930616HDF|S|TI|00|92|0|80| |0| |||0|?? | |\000|0|0|0|
12_02_29_09:37:09 Operacion de entrada TI
12_02_29_09:37:09 TI para 105959
12_02_29_09:37:09 1330503188|0||GAAE880312T36|S|TI|00|90|0|20| |0| |||0|?? | |\000|0|0|0|
12_02_29_09:37:17 Operacion de entrada TI
12_02_29_09:37:17 TI para 158384
12_02_29_09:37:17 1330503260|0||0000111122222|S|TI|00|92|0|87| |0| |||0|?? | |\000|0|0|0|
12_02_29_10:00:50 Operacion de entrada TI
12_02_29_10:00:50 TI para 153816
12_02_29_10:00:50 1330509585|0||OOFY911010E20|S|TI|00|92|0|87| |0| |||0|?? | |\000|0|0|0|
12_02_29_10:02:11 Operacion de entrada TI
12_02_29_10:02:11 TI para 147311
12_02_29_10:02:11 1330509565|0||CASE941123AG1|S|TI|00|92|0|87| |0| |||0|?? | |\000|0|0|0|
12_02_29_10:10:36 Operacion de entrada TI
12_02_29_10:10:36 TI para 101176
12_02_29_10:10:36 1330510013|0||AEMN880925AZ8|S|TI|00|92|0|87| |0| |||0|?? | |\000|0|0|0|
12_02_29_10:22:13 Operacion de entrada TI
12_02_29_10:22:13 TI para 158386
12_02_29_10:22:13 1330510863|0||EOGA8811133D9|S|TI|00|92|0|87| |0| |||0|?? | |\000|0|0|0|
12_02_29_10:36:47 Operacion de entrada TI
12_02_29_10:36:47 TI para 157206
12_02_29_10:36:47 1330511565|0||GAAJ870907UF7|S|TI|00|92|0|57| |0| |||0|?? | |\000|0|0|0|
12_02_29_12:05:19 Operacion de salido TO
12_02_29_12:05:19 TO para 145483
12_02_29_12:05:19 1330517079|0||MOMR910918RW3|S|TO|00|92|0|87| |0| |||0|?? | |\000|0|0|0|
12_02_29_12:06:51 Operacion de salido TO
12_02_29_12:06:51 TO para 156999
12_02_29_12:06:51 1330516989|0||PELR930616HDF|S|TO|00|92|0|80| |0| |||0|?? | |\000|0|0|0|
12_02_29_12:10:56 Operacion de salido TO
12_02_29_12:10:56 TO para 154842
12_02_29_12:10:56 1330517324|0||GOMJ9112259A8|S|TO|00|92|0|87| |0| |||0|?? | |\000|0|0|0|
12_02_29_12:11:27 Operacion de salido TO
12_02_29_12:11:27 TO para 155837
12_02_29_12:11:27 1330517312|0||HEFJ910216DT6|S|TO|00|92|0|82| |0| |||0|?? | |\000|0|0|0|
12_02_29_12:16:02 Operacion de entrada TI
12_02_29_12:16:02 TI para 263448
12_02_29_12:16:02 1330517655|0||MACL860413000|S|TI|00|92|0|80| |0| |||0|?? | |\000|0|0|0|
12_02_29_12:36:45 Operacion de entrada TI
12_02_29_12:36:45 TI para 156560
12_02_29_12:36:45 1330518841|0||vere880126al7|S|TI|00|92|0|57| |0| |||0|?? | |\000|0|0|0|
12_02_29_13:10:58 Operacion de salido TO
12_02_29_13:10:58 TO para 148309
12_02_29_13:10:58 1330520804|0||vato920309hdf|S|TO|00|92|0|83| |0| |||0|?? | |\000|0|0|0|
12_02_29_13:22:17 Operacion de salido TO
12_02_29_13:22:17 TO para 158384
12_02_29_13:22:17 1330521689|0||0000111122222|S|TO|00|92|0|87| |0| |||0|?? | |\000|0|0|0|
12_02_29_13:46:57 Operacion de entrada TI
12_02_29_13:46:57 TI para 158187
12_02_29_13:46:57 1330523261|0||0000000000000|S|TI|00|92|0|87| |0| |||0|?? | |\000|0|0|0|
12_02_29_13:52:24 Operacion de entrada TI
12_02_29_13:52:24 TI para 155121
12_02_29_13:52:24 1330523450|0||DURB920803685|S|TI|00|92|0|87| |0| |||0|?? | |\000|0|0|0|
12_02_29_14:36:16 Operacion de entrada TI
12_02_29_14:36:16 TI para 152886
12_02_29_14:36:16 1330526011|0||AAAH890822MD4|S|TI|00|92|0|57| |0| |||0|?? | |\000|0|0|0|
12_02_29_15:02:15 Operacion de entrada TI
12_02_29_15:02:15 TI para 158538
12_02_29_15:02:15 1330527765|0||0000011111111|S|TI|00|92|0|87| |0| |||0|?? | |\000|0|0|0|
12_02_29_15:27:01 Operacion de entrada TI
12_02_29_15:27:01 TI para 157833
12_02_29_15:27:01 1330529041|0||vamj900821hdz|S|TI|00|92|0|57| |0| |||0|?? | |\000|0|0|0|
12_02_29_15:55:42 Operacion de entrada TI
12_02_29_15:55:42 TI para 153739
12_02_29_15:55:42 1330530981|0||JIVC921015453|S|TI|00|92|0|87| |0| |||0|?? | |\000|0|0|0|
12_02_29_15:56:28 Operacion de entrada TI
12_02_29_15:56:28 TI para 109706
12_02_29_15:56:28 1330530833|0||QUBA860824PV7|S|TI|00|92|0|57| |0| |||0|?? | |\000|0|0|0|
12_02_29_15:56:43 Operacion de entrada TI
12_02_29_15:56:43 TI para 155892
12_02_29_15:56:43 1330530991|0||JGKGKLGLGLGLG|S|TI|00|92|0|87| |0| |||0|?? | |\000|0|0|0|
12_02_29_15:57:01 Operacion de entrada TI
12_02_29_15:57:01 TI para 157824
12_02_29_15:57:01 1330530827|0||vagi910906hdf|S|TI|00|92|0|87| |0| |||0|?? | |\000|0|0|0|
12_02_29_16:15:13 Operacion de salido TO
12_02_29_16:15:13 TO para 134828
12_02_29_16:15:13 1330532018|0||MAMA870725HMC|S|TO|00|92|0|87| |0| |||0|?? | |\000|0|0|0|
12_02_29_16:16:03 Operacion de salido TO
12_02_29_16:16:03 TO para 263448
12_02_29_16:16:03 1330532027|0||MACL860413000|S|TO|00|92|0|80| |0| |||0|?? | |\000|0|0|0|
12_02_29_16:20:06 Operacion de salido TO
12_02_29_16:20:06 TO para 148163
12_02_29_16:20:06 1330532436|0||JIMM9202312MD|S|TO|00|92|0|80| |0| |||0|?? | |\000|0|0|0|
12_02_29_16:21:07 Operacion de entrada TI
12_02_29_16:21:07 TI para 269700
12_02_29_16:21:07 1330532232|0||FECN840420383|S|TI|00|92|0|80| |0| |||0|?? | |\000|0|0|0|
12_02_29_16:25:36 Operacion de salido TO
12_02_29_16:25:36 TO para 101176
12_02_29_16:25:36 1330532589|0||AEMN880925AZ8|S|TO|00|92|0|87| |0| |||0|?? | |\000|0|0|0|
12_02_29_16:25:54 Operacion de salido TO
12_02_29_16:25:54 TO para 155049
12_02_29_16:25:54 1330532659|0||ROMA910803H47|S|TO|00|92|0|87| |0| |||0|?? | |\000|0|0|0|
12_02_29_16:27:13 Operacion de salido TO
12_02_29_16:27:13 TO para 158386
12_02_29_16:27:13 1330532777|0||EOGA8811133D9|S|TO|00|92|0|87| |0| |||0|?? | |\000|0|0|0|
12_02_29_16:36:29 Operacion de entrada TI
12_02_29_16:36:29 TI para 155833
12_02_29_16:36:29 1330533389|0||JUAM901209KI7|S|TI|00|92|0|87| |0| |||0|?? | |\000|0|0|0|
12_02_29_16:41:00 Operacion de salido TO
12_02_29_16:41:00 TO para 269982
12_02_29_16:41:00 1330533419|0||FUMA8312135V2|S|TO|00|92|0|80| |0| |||0|?? | |\000|0|0|0|
12_02_29_17:10:26 Operacion de salido TO
12_02_29_17:10:26 TO para 136591
12_02_29_17:10:26 1330535307|0||RABA890829UV0|S|TO|00|92|0|87| |0| |||0|?? | |\000|0|0|0|
12_02_29_17:16:05 Operacion de entrada TI
12_02_29_17:16:05 TI para 152521
12_02_29_17:16:05 1330535750|0||VESM911208Q17|S|TI|00|92|0|87| |0| |||0|?? | |\000|0|0|0|
12_02_29_18:10:49 Operacion de salido TO
12_02_29_18:10:49 TO para 153816
12_02_29_18:10:49 1330539072|0||OOFY911010E20|S|TO|00|92|0|87| |0| |||0|?? | |\000|0|0|0|
12_02_29_18:12:10 Operacion de salido TO
12_02_29_18:12:10 TO para 147311
12_02_29_18:12:10 1330538972|0||CASE941123AG1|S|TO|00|92|0|87| |0| |||0|?? | |\000|0|0|0|
12_02_29_18:27:08 Operacion de salido TO
12_02_29_18:27:08 TO para 105959
12_02_29_18:27:08 1330539976|0||GAAE880312T36|S|TO|00|90|0|20| |0| |||0|?? | |\000|0|0|0|
12_02_29_20:06:45 Operacion de salido TO
12_02_29_20:06:45 TO para 156560
12_02_29_20:06:45 1330545903|0||vere880126al7|S|TO|00|92|0|57| |0| |||0|?? | |\000|0|0|0|
12_02_29_22:05:42 Operacion de salido TO
12_02_29_22:05:42 TO para 153739
12_02_29_22:05:42 1330553181|0||JIVC921015453|S|TO|00|92|0|87| |0| |||0|?? | |\000|0|0|0|
12_02_29_22:06:32 Operacion de salido TO
12_02_29_22:06:32 TO para 155833
12_02_29_22:06:32 1330553189|0||JUAM901209KI7|S|TO|00|92|0|87| |0| |||0|?? | |\000|0|0|0|
12_02_29_22:07:02 Operacion de salido TO
12_02_29_22:07:02 TO para 157824
12_02_29_22:07:03 1330553241|0||vagi910906hdf|S|TO|00|92|0|87| |0| |||0|?? | |\000|0|0|0|
12_02_29_22:07:25 Operacion de salido TO
12_02_29_22:07:25 TO para 155121
12_02_29_22:07:25 1330553014|0||DURB920803685|S|TO|00|92|0|87| |0| |||0|?? | |\000|0|0|0|
12_02_29_22:12:15 Operacion de salido TO
12_02_29_22:12:15 TO para 158538
12_02_29_22:12:15 1330553567|0||0000011111111|S|TO|00|92|0|87| |0| |||0|?? | |\000|0|0|0|
12_02_29_22:16:16 Operacion de salido TO
12_02_29_22:16:16 TO para 152886
12_02_29_22:16:16 1330553752|0||AAAH890822MD4|S|TO|00|92|0|57| |0| |||0|?? | |\000|0|0|0|
12_02_29_22:17:01 Operacion de salido TO
12_02_29_22:17:01 TO para 157833
12_02_29_22:17:01 1330553660|0||vamj900821hdz|S|TO|00|92|0|57| |0| |||0|?? | |\000|0|0|0|
12_02_29_22:26:25 Operacion de salido TO
12_02_29_22:26:25 TO para 109706
12_02_29_22:26:25 1330554265|0||QUBA860824PV7|S|TO|00|92|0|57| |0| |||0|?? | |\000|0|0|0|
12_02_29_22:31:05 Operacion de salido TO
12_02_29_22:31:05 TO para 152521
12_02_29_22:31:05 1330554555|0||VESM911208Q17|S|TO|00|92|0|87| |0| |||0|?? | |\000|0|0|0|
12_02_29_22:36:07 Operacion de salido TO
12_02_29_22:36:07 TO para 269700
12_02_29_22:36:07 1330554889|0||FECN840420383|S|TO|00|92|0|80| |0| |||0|?? | |\000|0|0|0|
12_02_29_22:41:41 Operacion de salido TO
12_02_29_22:41:41 TO para 155892
12_02_29_22:41:41 1330555089|0||JGKGKLGLGLGLG|S|TO|00|92|0|87| |0| |||0|?? | |\000|0|0|0|
12_02_29_22:51:56 Operacion de salido TO
12_02_29_22:51:56 TO para 158187
12_02_29_22:51:56 1330555817|0||0000000000000|S|TO|00|92|0|87| |0| |||0|?? | |\000|0|0|0|
12_03_01_09:25:11 Operacion de entrada TI
12_03_01_09:25:11 TI para 256284
12_03_01_09:25:11 1330589104|0||lolllllllllll|S|TI|00|92|0|80| |0| |||0|?? | |\000|0|0|0|
12_03_01_09:25:14 Operacion de entrada TI
12_03_01_09:25:14 TI para 134828
12_03_01_09:25:14 1330589703|0||MAMA870725HMC|S|TI|00|92|0|87| |0| |||0|?? | |\000|0|0|0|
12_03_01_09:25:20 Operacion de entrada TI
12_03_01_09:25:20 TI para 145483
12_03_01_09:25:20 1330589251|0||MOMR910918RW3|S|TI|00|92|0|87| |0| |||0|?? | |\000|0|0|0|
12_03_01_09:25:58 Operacion de entrada TI
12_03_01_09:25:58 TI para 148309
12_03_01_09:25:58 1330589110|0||vato920309hdf|S|TI|00|92|0|83| |0| |||0|?? | |\000|0|0|0|
12_03_01_09:26:01 Operacion de entrada TI
12_03_01_09:26:01 TI para 269982
12_03_01_09:26:01 1330592998|0||FUMA8312135V2|S|TI|00|92|0|80| |0| |||0|?? | |\000|0|0|0|
12_03_01_09:26:10 Operacion de entrada TI
12_03_01_09:26:10 TI para 252322
12_03_01_09:26:10 1330589870|0||lopezruis1212|S|TI|00|92|0|80| |0| |||0|?? | |\000|0|0|0|
12_03_01_09:26:28 Operacion de entrada TI
12_03_01_09:26:28 TI para 155837
12_03_01_09:26:28 1330589098|0||HEFJ910216DT6|S|TI|00|92|0|82| |0| |||0|?? | |\000|0|0|0|
12_03_01_09:26:50 Operacion de entrada TI
12_03_01_09:26:50 TI para 157284
12_03_01_09:26:50 1330590096|0||ROGO910814I31|S|TI|00|92|0|87| |0| |||0|?? | |\000|0|0|0|
12_03_01_09:26:52 Operacion de entrada TI
12_03_01_09:26:52 TI para 156999
12_03_01_09:26:52 1330589093|0||PELR930616HDF|S|TI|00|92|0|80| |0| |||0|?? | |\000|0|0|0|
12_03_01_10:06:41 Operacion de entrada TI
12_03_01_10:06:41 TI para 155892
12_03_01_10:06:41 1330596216|0||JGKGKLGLGLGLG|S|TI|00|92|0|87| |0| |||0|?? | |\000|0|0|0|
12_03_01_10:07:13 Operacion de entrada TI
12_03_01_10:07:13 TI para 158386
12_03_01_10:07:13 1330596389|0||EOGA8811133D9|S|TI|00|92|0|87| |0| |||0|?? | |\000|0|0|0|
12_03_01_10:12:09 Operacion de entrada TI
12_03_01_10:12:09 TI para 147311
12_03_01_10:12:09 1330596585|0||CASE941123AG1|S|TI|00|92|0|87| |0| |||0|?? | |\000|0|0|0|
