--- inicializa log file ---
12_02_28_10:25:11 Operacion de entrada TI
12_02_28_10:25:11 TI para 121861
12_02_28_10:25:11 1330424510|0||AOGM870131EE7|S|TI|00|92|0|57| |0| |||0|?? | |\000|0|0|0|
12_02_28_10:25:16 Operacion de entrada TI
12_02_28_10:25:16 TI para 153181
12_02_28_10:25:16 1330424630|0||CAJI9109084Q7|S|TI|00|92|0|36| |0| |||0|?? | |\000|0|0|0|
12_02_28_10:25:21 Operacion de entrada TI
12_02_28_10:25:21 TI para 150059
12_02_28_10:25:21 1330418922|0||REPA921121LW6|S|TI|00|92|0|36| |0| |||0|?? | |\000|0|0|0|
12_02_28_10:26:03 Operacion de entrada TI
12_02_28_10:26:03 TI para 158206
12_02_28_10:26:03 1330423305|0||gahc930122a5a|S|TI|00|92|0|87| |0| |||0|?? | |\000|0|0|0|
12_02_28_13:50:59 Operacion de entrada TI
12_02_28_13:50:59 TI para 158207
12_02_28_13:50:59 1330436988|0||mapd920817us4|S|TI|00|92|0|87| |0| |||0|?? | |\000|0|0|0|
12_02_28_15:35:44 Operacion de entrada TI
12_02_28_15:35:44 TI para 156584
12_02_28_15:35:44 1330443343|0||bacl8610077c9|S|TI|00|92|0|57| |0| |||0|?? | |\000|0|0|0|
12_02_28_16:10:21 Operacion de salido TO
12_02_28_16:10:21 TO para 150059
12_02_28_16:10:21 1330445384|0||REPA921121LW6|S|TO|00|92|0|36| |0| |||0|?? | |\000|0|0|0|
12_02_28_16:35:25 Operacion de entrada TI
12_02_28_16:35:25 TI para 105333
12_02_28_16:35:25 1330446798|0||PAOC871209SWA|S|TI|00|92|0|36| |0| |||0|?? | |\000|0|0|0|
12_02_28_17:56:03 Operacion de salido TO
12_02_28_17:56:03 TO para 158206
12_02_28_17:56:03 1330451539|0||gahc930122a5a|S|TO|00|92|0|87| |0| |||0|?? | |\000|0|0|0|
12_02_28_18:10:12 Operacion de salido TO
12_02_28_18:10:12 TO para 121861
12_02_28_18:10:12 1330452647|0||AOGM870131EE7|S|TO|00|92|0|57| |0| |||0|?? | |\000|0|0|0|
12_02_28_19:55:39 Operacion de entrada TI
12_02_28_19:55:39 TI para 154586
12_02_28_19:55:39 1330458967|0||GORA910129HMC|S|TI|00|92|0|57| |0| |||0|?? | |\000|0|0|0|
12_02_28_21:20:26 Operacion de salido TO
12_02_28_21:20:26 TO para 105333
12_02_28_21:20:26 1330463902|0||PAOC871209SWA|S|TO|00|92|0|36| |0| |||0|?? | |\000|0|0|0|
12_02_28_21:55:57 Operacion de salido TO
12_02_28_21:55:57 TO para 158207
12_02_28_21:55:57 1330466203|0||mapd920817us4|S|TO|00|92|0|87| |0| |||0|?? | |\000|0|0|0|
12_02_28_23:05:39 Operacion de salido TO
12_02_28_23:05:39 TO para 154586
12_02_28_23:05:39 1330470353|0||GORA910129HMC|S|TO|00|92|0|57| |0| |||0|?? | |\000|0|0|0|
12_02_28_23:05:44 Operacion de salido TO
12_02_28_23:05:44 TO para 156584
12_02_28_23:05:44 1330470344|0||bacl8610077c9|S|TO|00|92|0|57| |0| |||0|?? | |\000|0|0|0|
12_02_29_10:55:16 Operacion de entrada TI
12_02_29_10:55:16 TI para 153181
12_02_29_10:55:16 1330511811|0||CAJI9109084Q7|S|TI|00|92|0|36| |0| |||0|?? | |\000|0|0|0|
12_02_29_10:55:31 Operacion de entrada TI
12_02_29_10:55:31 TI para 158326
12_02_29_10:55:31 1330510550|0||VAMA930801BP2|S|TI|00|92|0|36| |0| |||0|?? | |\000|0|0|0|
12_02_29_11:00:12 Operacion de entrada TI
12_02_29_11:00:12 TI para 121861
12_02_29_11:00:12 1330513208|0||AOGM870131EE7|S|TI|00|92|0|57| |0| |||0|?? | |\000|0|0|0|
12_02_29_14:00:57 Operacion de entrada TI
12_02_29_14:00:57 TI para 158207
12_02_29_14:00:57 1330523855|0||mapd920817us4|S|TI|00|92|0|87| |0| |||0|?? | |\000|0|0|0|
12_02_29_16:15:29 Operacion de salido TO
12_02_29_16:15:29 TO para 158326
12_02_29_16:15:29 1330532136|0||VAMA930801BP2|S|TO|00|92|0|36| |0| |||0|?? | |\000|0|0|0|
12_02_29_16:20:44 Operacion de entrada TI
12_02_29_16:20:44 TI para 156584
12_02_29_16:20:44 1330532215|0||bacl8610077c9|S|TI|00|92|0|57| |0| |||0|?? | |\000|0|0|0|
12_02_29_16:25:16 Operacion de salido TO
12_02_29_16:25:16 TO para 153181
12_02_29_16:25:16 1330532564|0||CAJI9109084Q7|S|TO|00|92|0|36| |0| |||0|?? | |\000|0|0|0|
12_02_29_16:31:20 Operacion de entrada TI
12_02_29_16:31:20 TI para 121861
12_02_29_16:31:20 1330260245|0||AOGM870131EE7|S|TI|00|92|0|57| |0| |||0|?? | |\000|0|0|0|
12_02_29_16:31:20 Operacion de salido TO
12_02_29_16:31:20 TO para 121861
12_02_29_16:31:20 1330290338|0||AOGM870131EE7|S|TO|00|92|0|57| |0| |||0|?? | |\000|0|0|0|
12_02_29_16:31:30 Operacion de entrada TI
12_02_29_16:31:30 TI para 150059
12_02_29_16:31:30 1330246062|0||REPA921121LW6|S|TI|00|92|0|36| |0| |||0|?? | |\000|0|0|0|
12_02_29_16:31:30 Operacion de salido TO
12_02_29_16:31:30 TO para 150059
12_02_29_16:31:30 1330272819|0||REPA921121LW6|S|TO|00|92|0|36| |0| |||0|?? | |\000|0|0|0|
12_02_29_16:31:35 Operacion de entrada TI
12_02_29_16:31:35 TI para 105333
12_02_29_16:31:35 1330262748|0||PAOC871209SWA|S|TI|00|92|0|36| |0| |||0|?? | |\000|0|0|0|
12_02_29_16:31:35 Operacion de salido TO
12_02_29_16:31:35 TO para 105333
12_02_29_16:31:35 1330297106|0||PAOC871209SWA|S|TO|00|92|0|36| |0| |||0|?? | |\000|0|0|0|
12_02_29_16:31:39 Operacion de entrada TI
12_02_29_16:31:39 TI para 158326
12_02_29_16:31:40 1330269735|0||VAMA930801BP2|S|TI|00|92|0|36| |0| |||0|?? | |\000|0|0|0|
12_02_29_16:31:40 Operacion de salido TO
12_02_29_16:31:40 TO para 158326
12_02_29_16:31:40 1330297506|0||VAMA930801BP2|S|TO|00|92|0|36| |0| |||0|?? | |\000|0|0|0|
12_02_29_16:31:47 Operacion de entrada TI
12_02_29_16:31:47 TI para 150659
12_02_29_16:31:47 1330250737|0||HEGB9304141I5|S|TI|00|92|0|36| |0| |||0|?? | |\000|0|0|0|
12_02_29_16:31:47 Operacion de salido TO
12_02_29_16:31:47 TO para 150659
12_02_29_16:31:47 1330267395|0||HEGB9304141I5|S|TO|00|92|0|36| |0| |||0|?? | |\000|0|0|0|
12_02_29_16:31:49 Operacion de entrada TI
12_02_29_16:31:49 TI para 154586
12_02_29_16:31:49 1330269961|0||GORA910129HMC|S|TI|00|92|0|57| |0| |||0|?? | |\000|0|0|0|
12_02_29_16:31:49 Operacion de salido TO
12_02_29_16:31:49 TO para 154586
12_02_29_16:31:49 1330299306|0||GORA910129HMC|S|TO|00|92|0|57| |0| |||0|?? | |\000|0|0|0|
12_02_29_16:31:52 Operacion de entrada TI
12_02_29_16:31:52 TI para 155505
12_02_29_16:31:52 1330251104|0||goai901119mdf|S|TI|00|92|0|87| |0| |||0|?? | |\000|0|0|0|
12_02_29_16:31:52 Operacion de salido TO
12_02_29_16:31:52 TO para 155505
12_02_29_16:31:52 1330280728|0||goai901119mdf|S|TO|00|92|0|87| |0| |||0|?? | |\000|0|0|0|
12_02_29_16:31:54 Operacion de entrada TI
12_02_29_16:31:54 TI para 156584
12_02_29_16:31:54 1330266391|0||bacl8610077c9|S|TI|00|92|0|57| |0| |||0|?? | |\000|0|0|0|
12_02_29_16:31:54 Operacion de salido TO
12_02_29_16:31:54 TO para 156584
12_02_29_16:31:54 1330299299|0||bacl8610077c9|S|TO|00|92|0|57| |0| |||0|?? | |\000|0|0|0|
12_02_29_16:31:59 Operacion de entrada TI
12_02_29_16:31:59 TI para 157235
12_02_29_16:31:59 1330282661|0||gura8905218ba|S|TI|00|92|0|57| |0| |||0|?? | |\000|0|0|0|
12_02_29_16:31:59 Operacion de salido TO
12_02_29_16:31:59 TO para 157235
12_02_29_16:31:59 1330299258|0||gura8905218ba|S|TO|00|92|0|57| |0| |||0|?? | |\000|0|0|0|
12_02_29_16:32:06 Operacion de entrada TI
12_02_29_16:32:06 TI para 158208
12_02_29_16:32:06 1330267963|0||bepl730729n64|S|TI|00|92|0|57| |0| |||0|?? | |\000|0|0|0|
12_02_29_16:32:14 Operacion de entrada TI
12_02_29_16:32:14 TI para 158206
12_02_29_16:32:14 1330264374|0||gahc930122a5a|S|TI|00|92|0|87| |0| |||0|?? | |\000|0|0|0|
12_02_29_16:32:14 Operacion de salido TO
12_02_29_16:32:14 TO para 158206
12_02_29_16:32:14 1330295117|0||gahc930122a5a|S|TO|00|92|0|87| |0| |||0|?? | |\000|0|0|0|
12_02_29_16:39:21 Operacion de entrada TI
12_02_29_16:39:21 TI para 153181
12_02_29_16:39:21 1330338605|0||CAJI9109084Q7|S|TI|00|92|0|36| |0| |||0|?? | |\000|0|0|0|
12_02_29_16:39:21 Operacion de salido TO
12_02_29_16:39:21 TO para 153181
12_02_29_16:39:21 1330361683|0||CAJI9109084Q7|S|TO|00|92|0|36| |0| |||0|?? | |\000|0|0|0|
12_02_29_16:39:25 Operacion de entrada TI
12_02_29_16:39:25 TI para 150059
12_02_29_16:39:26 1330332170|0||REPA921121LW6|S|TI|00|92|0|36| |0| |||0|?? | |\000|0|0|0|
12_02_29_16:39:26 Operacion de salido TO
12_02_29_16:39:26 TO para 150059
12_02_29_16:39:26 1330358577|0||REPA921121LW6|S|TO|00|92|0|36| |0| |||0|?? | |\000|0|0|0|
12_02_29_16:39:30 Operacion de entrada TI
12_02_29_16:39:30 TI para 105333
12_02_29_16:39:30 1330357089|0||PAOC871209SWA|S|TI|00|92|0|36| |0| |||0|?? | |\000|0|0|0|
12_02_29_16:39:30 Operacion de salido TO
12_02_29_16:39:30 TO para 105333
12_02_29_16:39:30 1330386013|0||PAOC871209SWA|S|TO|00|92|0|36| |0| |||0|?? | |\000|0|0|0|
12_02_29_16:39:35 Operacion de entrada TI
12_02_29_16:39:35 TI para 158326
12_02_29_16:39:35 1330332374|0||VAMA930801BP2|S|TI|00|92|0|36| |0| |||0|?? | |\000|0|0|0|
12_02_29_16:39:35 Operacion de salido TO
12_02_29_16:39:35 TO para 158326
12_02_29_16:39:35 1330358157|0||VAMA930801BP2|S|TO|00|92|0|36| |0| |||0|?? | |\000|0|0|0|
12_02_29_16:39:42 Operacion de entrada TI
12_02_29_16:39:42 TI para 150659
12_02_29_16:39:42 1330359209|0||HEGB9304141I5|S|TI|00|92|0|36| |0| |||0|?? | |\000|0|0|0|
12_02_29_16:39:42 Operacion de salido TO
12_02_29_16:39:42 TO para 150659
12_02_29_16:39:42 1330377070|0||HEGB9304141I5|S|TO|00|92|0|36| |0| |||0|?? | |\000|0|0|0|
12_02_29_16:39:45 Operacion de entrada TI
12_02_29_16:39:45 TI para 154586
12_02_29_16:39:45 1330370171|0||GORA910129HMC|S|TI|00|92|0|57| |0| |||0|?? | |\000|0|0|0|
12_02_29_16:39:45 Operacion de salido TO
12_02_29_16:39:45 TO para 154586
12_02_29_16:39:45 1330386021|0||GORA910129HMC|S|TO|00|92|0|57| |0| |||0|?? | |\000|0|0|0|
12_02_29_16:39:47 Operacion de entrada TI
12_02_29_16:39:47 TI para 155505
12_02_29_16:39:47 1330353097|0||goai901119mdf|S|TI|00|92|0|87| |0| |||0|?? | |\000|0|0|0|
12_02_29_16:39:47 Operacion de salido TO
12_02_29_16:39:47 TO para 155505
12_02_29_16:39:47 1330379392|0||goai901119mdf|S|TO|00|92|0|87| |0| |||0|?? | |\000|0|0|0|
12_02_29_16:39:50 Operacion de entrada TI
12_02_29_16:39:50 TI para 156584
12_02_29_16:39:50 1330352169|0||bacl8610077c9|S|TI|00|92|0|57| |0| |||0|?? | |\000|0|0|0|
12_02_29_16:39:50 Operacion de salido TO
12_02_29_16:39:50 TO para 156584
12_02_29_16:39:50 1330386002|0||bacl8610077c9|S|TO|00|92|0|57| |0| |||0|?? | |\000|0|0|0|
12_02_29_16:40:08 Operacion de entrada TI
12_02_29_16:40:08 TI para 158206
12_02_29_16:40:08 1330350282|0||gahc930122a5a|S|TI|00|92|0|87| |0| |||0|?? | |\000|0|0|0|
12_02_29_16:40:09 Operacion de salido TO
12_02_29_16:40:09 TO para 158206
12_02_29_16:40:09 1330379402|0||gahc930122a5a|S|TO|00|92|0|87| |0| |||0|?? | |\000|0|0|0|
12_02_29_16:45:25 Operacion de entrada TI
12_02_29_16:45:25 TI para 105333
12_02_29_16:45:25 1330533656|0||PAOC871209SWA|S|TI|00|92|0|36| |0| |||0|?? | |\000|0|0|0|
12_02_29_18:10:13 Operacion de salido TO
12_02_29_18:10:13 TO para 121861
12_02_29_18:10:13 1330538830|0||AOGM870131EE7|S|TO|00|92|0|57| |0| |||0|?? | |\000|0|0|0|
12_02_29_18:10:38 Operacion de entrada TI
12_02_29_18:10:38 TI para 150659
12_02_29_18:10:38 1330539046|0||HEGB9304141I5|S|TI|00|92|0|36| |0| |||0|?? | |\000|0|0|0|
12_02_29_22:00:58 Operacion de salido TO
12_02_29_22:00:58 TO para 158207
12_02_29_22:00:58 1330552613|0||mapd920817us4|S|TO|00|92|0|87| |0| |||0|?? | |\000|0|0|0|
12_02_29_22:45:38 Operacion de salido TO
12_02_29_22:45:38 TO para 150659
12_02_29_22:45:38 1330555559|0||HEGB9304141I5|S|TO|00|92|0|36| |0| |||0|?? | |\000|0|0|0|
12_02_29_23:35:43 Operacion de salido TO
12_02_29_23:35:43 TO para 156584
12_02_29_23:35:43 1330558414|0||bacl8610077c9|S|TO|00|92|0|57| |0| |||0|?? | |\000|0|0|0|
12_03_01_09:25:15 Operacion de entrada TI
12_03_01_09:25:15 TI para 153181
12_03_01_09:25:15 1330592820|0||CAJI9109084Q7|S|TI|00|92|0|36| |0| |||0|?? | |\000|0|0|0|
12_03_01_09:25:20 Operacion de entrada TI
12_03_01_09:25:20 TI para 150059
12_03_01_09:25:20 1330592802|0||REPA921121LW6|S|TI|00|92|0|36| |0| |||0|?? | |\000|0|0|0|
12_03_01_09:25:30 Operacion de entrada TI
12_03_01_09:25:30 TI para 158326
12_03_01_09:25:30 1330592983|0||VAMA930801BP2|S|TI|00|92|0|36| |0| |||0|?? | |\000|0|0|0|
12_03_01_10:05:11 Operacion de entrada TI
12_03_01_10:05:11 TI para 121861
12_03_01_10:05:11 1330596285|0||AOGM870131EE7|S|TI|00|92|0|57| |0| |||0|?? | |\000|0|0|0|
